<?xml version="1.0" encoding="UTF-8"?>
<!-- Generated by org.testng.reporters.JUnitReportReporter -->
<testsuite hostname="LAPTOP-JUAMJLPR" failures="0" tests="1" name="TestCases.VerifySignup" time="10.324" errors="0" timestamp="2023-06-24T11:36:40 IST" skipped="0">
  <testcase classname="TestCases.VerifySignup" name="signup" time="10.324"/>
  <system-out/>
</testsuite> <!-- TestCases.VerifySignup -->
