<?xml version="1.0" encoding="UTF-8"?>
<!-- Generated by org.testng.reporters.JUnitReportReporter -->
<testsuite hostname="LAPTOP-JUAMJLPR" failures="0" tests="1" name="TestCases.VerifySignup" time="11.787" errors="0" timestamp="2023-06-23T19:17:37 IST" skipped="0">
  <testcase classname="TestCases.VerifySignup" name="signup" time="11.787"/>
  <system-out/>
</testsuite> <!-- TestCases.VerifySignup -->
